<?xml version="1.0" encoding="UTF-8"?>
<robot generator="Robot 7.3.2 (Python 3.13.7 on win32)" generated="2025-09-15T20:34:43.918410" rpa="false" schemaversion="5">
<suite id="s1" name="Lab10" source="D:\HomeWork\CP353201\AllLab\Lab10\Lab10.robot">
<test id="s1-t1" name="Register Success:" line="10">
<kw name="Evaluate" owner="BuiltIn">
<msg time="2025-09-15T20:34:44.228935" level="INFO">${chrome_options} = &lt;selenium.webdriver.chrome.options.Options object at 0x00000224065EE120&gt;</msg>
<var>${chrome_options}</var>
<arg>sys.modules['selenium.webdriver'].ChromeOptions()</arg>
<arg>sys</arg>
<doc>Evaluates the given expression in Python and returns the result.</doc>
<status status="PASS" start="2025-09-15T20:34:44.228608" elapsed="0.000372"/>
</kw>
<kw name="Set Variable" owner="BuiltIn">
<msg time="2025-09-15T20:34:44.229621" level="INFO">${chrome_options.binary_location} = D:\HomeWork\CP353201\AllLab\Lab10\ChromeForTesting\chrome-win64\chrome.exe</msg>
<var>${chrome_options.binary_location}</var>
<arg>${CHROME_BROWSER_PATH}</arg>
<doc>Returns the given values which can then be assigned to a variables.</doc>
<status status="PASS" start="2025-09-15T20:34:44.229371" elapsed="0.000284"/>
</kw>
<kw name="Evaluate" owner="BuiltIn">
<msg time="2025-09-15T20:34:44.230520" level="INFO">${service} = &lt;selenium.webdriver.chrome.service.Service object at 0x00000224065EDBE0&gt;</msg>
<var>${service}</var>
<arg>sys.modules["selenium.webdriver.chrome.service"].Service(executable_path=r"${CHROME_DRIVER_PATH}")</arg>
<doc>Evaluates the given expression in Python and returns the result.</doc>
<status status="PASS" start="2025-09-15T20:34:44.229887" elapsed="0.000680"/>
</kw>
<kw name="Set Selenium Speed" owner="SeleniumLibrary">
<arg>0.2s</arg>
<doc>Sets the delay that is waited after each Selenium command.</doc>
<status status="PASS" start="2025-09-15T20:34:44.230813" elapsed="0.000194"/>
</kw>
<kw name="Create Webdriver" owner="SeleniumLibrary">
<msg time="2025-09-15T20:34:44.231439" level="INFO">Creating an instance of the Chrome WebDriver.</msg>
<arg>Chrome</arg>
<arg>options=${chrome_options}</arg>
<arg>service=${service}</arg>
<doc>Creates an instance of Selenium WebDriver.</doc>
<status status="PASS" start="2025-09-15T20:34:44.231220" elapsed="1.153087"/>
</kw>
<kw name="Go To" owner="SeleniumLibrary">
<msg time="2025-09-15T20:34:45.385459" level="INFO">Opening url 'http://localhost:7272/Lab10/Registration.html'</msg>
<arg>${URL}</arg>
<doc>Navigates the current browser window to the provided ``url``.</doc>
<status status="PASS" start="2025-09-15T20:34:45.385150" elapsed="0.438830"/>
</kw>
<kw name="Input Text" owner="SeleniumLibrary">
<msg time="2025-09-15T20:34:45.825876" level="INFO">Typing text 'Somsri' into text field 'name=firstname'.</msg>
<arg>name=firstname</arg>
<arg>Somsri</arg>
<doc>Types the given ``text`` into the text field identified by ``locator``.</doc>
<status status="PASS" start="2025-09-15T20:34:45.825294" elapsed="0.240305"/>
</kw>
<kw name="Input Text" owner="SeleniumLibrary">
<msg time="2025-09-15T20:34:46.066573" level="INFO">Typing text 'Sodsai' into text field 'name=lastname'.</msg>
<arg>name=lastname</arg>
<arg>Sodsai</arg>
<doc>Types the given ``text`` into the text field identified by ``locator``.</doc>
<status status="PASS" start="2025-09-15T20:34:46.066085" elapsed="0.065954"/>
</kw>
<kw name="Input Text" owner="SeleniumLibrary">
<msg time="2025-09-15T20:34:46.132553" level="INFO">Typing text 'CS KKU' into text field 'name=organization'.</msg>
<arg>name=organization</arg>
<arg>CS KKU</arg>
<doc>Types the given ``text`` into the text field identified by ``locator``.</doc>
<status status="PASS" start="2025-09-15T20:34:46.132360" elapsed="0.050353"/>
</kw>
<kw name="Input Text" owner="SeleniumLibrary">
<msg time="2025-09-15T20:34:46.183433" level="INFO">Typing text 'somsri@kkumail.com' into text field 'name=email'.</msg>
<arg>name=email</arg>
<arg>somsri@kkumail.com</arg>
<doc>Types the given ``text`` into the text field identified by ``locator``.</doc>
<status status="PASS" start="2025-09-15T20:34:46.183245" elapsed="0.062858"/>
</kw>
<kw name="Input Text" owner="SeleniumLibrary">
<msg time="2025-09-15T20:34:46.246571" level="INFO">Typing text '081-001-1234' into text field 'name=phone'.</msg>
<arg>name=phone</arg>
<arg>081-001-1234</arg>
<doc>Types the given ``text`` into the text field identified by ``locator``.</doc>
<status status="PASS" start="2025-09-15T20:34:46.246396" elapsed="0.059436"/>
</kw>
<kw name="Click Button" owner="SeleniumLibrary">
<msg time="2025-09-15T20:34:46.306310" level="INFO">Clicking button 'Register'.</msg>
<arg>Register</arg>
<doc>Clicks the button identified by ``locator``.</doc>
<status status="PASS" start="2025-09-15T20:34:46.306127" elapsed="0.375996"/>
</kw>
<kw name="Title Should Be" owner="SeleniumLibrary">
<msg time="2025-09-15T20:34:46.687814" level="INFO">Page title is 'Success'.</msg>
<arg>Success</arg>
<doc>Verifies that the current page title equals ``title``.</doc>
<status status="PASS" start="2025-09-15T20:34:46.682458" elapsed="0.005443"/>
</kw>
<kw name="Page Should Contain" owner="SeleniumLibrary">
<msg time="2025-09-15T20:34:46.703009" level="INFO">Current page contains text 'Success'.</msg>
<arg>Success</arg>
<doc>Verifies that current page contains ``text``.</doc>
<status status="PASS" start="2025-09-15T20:34:46.688216" elapsed="0.014911"/>
</kw>
<kw name="Page Should Contain" owner="SeleniumLibrary">
<msg time="2025-09-15T20:34:46.715393" level="INFO">Current page contains text 'Thank you for participating in our event'.</msg>
<arg>Thank you for participating in our event</arg>
<doc>Verifies that current page contains ``text``.</doc>
<status status="PASS" start="2025-09-15T20:34:46.703566" elapsed="0.011909"/>
</kw>
<kw name="Close Browser" owner="SeleniumLibrary">
<doc>Closes the current browser.</doc>
<status status="PASS" start="2025-09-15T20:34:46.715825" elapsed="2.254420"/>
</kw>
<status status="PASS" start="2025-09-15T20:34:44.227593" elapsed="4.743065"/>
</test>
<test id="s1-t2" name="Register Success No Organization Info:" line="41">
<kw name="Evaluate" owner="BuiltIn">
<msg time="2025-09-15T20:34:48.973057" level="INFO">${chrome_options} = &lt;selenium.webdriver.chrome.options.Options object at 0x000002240654B610&gt;</msg>
<var>${chrome_options}</var>
<arg>sys.modules['selenium.webdriver'].ChromeOptions()</arg>
<arg>sys</arg>
<doc>Evaluates the given expression in Python and returns the result.</doc>
<status status="PASS" start="2025-09-15T20:34:48.972386" elapsed="0.000706"/>
</kw>
<kw name="Set Variable" owner="BuiltIn">
<msg time="2025-09-15T20:34:48.973541" level="INFO">${chrome_options.binary_location} = D:\HomeWork\CP353201\AllLab\Lab10\ChromeForTesting\chrome-win64\chrome.exe</msg>
<var>${chrome_options.binary_location}</var>
<arg>${CHROME_BROWSER_PATH}</arg>
<doc>Returns the given values which can then be assigned to a variables.</doc>
<status status="PASS" start="2025-09-15T20:34:48.973349" elapsed="0.000223"/>
</kw>
<kw name="Evaluate" owner="BuiltIn">
<msg time="2025-09-15T20:34:48.974195" level="INFO">${service} = &lt;selenium.webdriver.chrome.service.Service object at 0x000002240654B4D0&gt;</msg>
<var>${service}</var>
<arg>sys.modules["selenium.webdriver.chrome.service"].Service(executable_path=r"${CHROME_DRIVER_PATH}")</arg>
<doc>Evaluates the given expression in Python and returns the result.</doc>
<status status="PASS" start="2025-09-15T20:34:48.973815" elapsed="0.000412"/>
</kw>
<kw name="Set Selenium Speed" owner="SeleniumLibrary">
<arg>0.2s</arg>
<doc>Sets the delay that is waited after each Selenium command.</doc>
<status status="PASS" start="2025-09-15T20:34:48.974467" elapsed="0.000212"/>
</kw>
<kw name="Create Webdriver" owner="SeleniumLibrary">
<msg time="2025-09-15T20:34:48.975194" level="INFO">Creating an instance of the Chrome WebDriver.</msg>
<arg>Chrome</arg>
<arg>options=${chrome_options}</arg>
<arg>service=${service}</arg>
<doc>Creates an instance of Selenium WebDriver.</doc>
<status status="PASS" start="2025-09-15T20:34:48.974945" elapsed="1.106834"/>
</kw>
<kw name="Go To" owner="SeleniumLibrary">
<msg time="2025-09-15T20:34:50.082826" level="INFO">Opening url 'http://localhost:7272/Lab10/Registration.html'</msg>
<arg>${URL}</arg>
<doc>Navigates the current browser window to the provided ``url``.</doc>
<status status="PASS" start="2025-09-15T20:34:50.082352" elapsed="0.378886"/>
</kw>
<kw name="Input Text" owner="SeleniumLibrary">
<msg time="2025-09-15T20:34:50.462126" level="INFO">Typing text 'Somsri' into text field 'name=firstname'.</msg>
<arg>name=firstname</arg>
<arg>Somsri</arg>
<doc>Types the given ``text`` into the text field identified by ``locator``.</doc>
<status status="PASS" start="2025-09-15T20:34:50.461702" elapsed="0.105866"/>
</kw>
<kw name="Input Text" owner="SeleniumLibrary">
<msg time="2025-09-15T20:34:50.568052" level="INFO">Typing text 'Sodsai' into text field 'name=lastname'.</msg>
<arg>name=lastname</arg>
<arg>Sodsai</arg>
<doc>Types the given ``text`` into the text field identified by ``locator``.</doc>
<status status="PASS" start="2025-09-15T20:34:50.567851" elapsed="0.053969"/>
</kw>
<kw name="Input Text" owner="SeleniumLibrary">
<msg time="2025-09-15T20:34:50.622278" level="INFO">Typing text 'somsri@kkumail.com' into text field 'name=email'.</msg>
<arg>name=email</arg>
<arg>somsri@kkumail.com</arg>
<doc>Types the given ``text`` into the text field identified by ``locator``.</doc>
<status status="PASS" start="2025-09-15T20:34:50.622096" elapsed="0.058102"/>
</kw>
<kw name="Input Text" owner="SeleniumLibrary">
<msg time="2025-09-15T20:34:50.680929" level="INFO">Typing text '081-001-1234' into text field 'name=phone'.</msg>
<arg>name=phone</arg>
<arg>081-001-1234</arg>
<doc>Types the given ``text`` into the text field identified by ``locator``.</doc>
<status status="PASS" start="2025-09-15T20:34:50.680740" elapsed="0.057356"/>
</kw>
<kw name="Click Button" owner="SeleniumLibrary">
<msg time="2025-09-15T20:34:50.738538" level="INFO">Clicking button 'Register'.</msg>
<arg>Register</arg>
<doc>Clicks the button identified by ``locator``.</doc>
<status status="PASS" start="2025-09-15T20:34:50.738369" elapsed="0.363661"/>
</kw>
<kw name="Title Should Be" owner="SeleniumLibrary">
<msg time="2025-09-15T20:34:51.108029" level="INFO">Page title is 'Success'.</msg>
<arg>Success</arg>
<doc>Verifies that the current page title equals ``title``.</doc>
<status status="PASS" start="2025-09-15T20:34:51.102461" elapsed="0.005664"/>
</kw>
<kw name="Page Should Contain" owner="SeleniumLibrary">
<msg time="2025-09-15T20:34:51.123383" level="INFO">Current page contains text 'Success'.</msg>
<arg>Success</arg>
<doc>Verifies that current page contains ``text``.</doc>
<status status="PASS" start="2025-09-15T20:34:51.108446" elapsed="0.015079"/>
</kw>
<kw name="Page Should Contain" owner="SeleniumLibrary">
<msg time="2025-09-15T20:34:51.136934" level="INFO">Current page contains text 'Thank you for participating in our event'.</msg>
<arg>Thank you for participating in our event</arg>
<doc>Verifies that current page contains ``text``.</doc>
<status status="PASS" start="2025-09-15T20:34:51.123980" elapsed="0.013110"/>
</kw>
<kw name="Close Browser" owner="SeleniumLibrary">
<doc>Closes the current browser.</doc>
<status status="PASS" start="2025-09-15T20:34:51.137435" elapsed="2.265861"/>
</kw>
<status status="PASS" start="2025-09-15T20:34:48.971921" elapsed="4.431774"/>
</test>
<test id="s1-t3" name="Empty First Name:" line="69">
<kw name="Evaluate" owner="BuiltIn">
<msg time="2025-09-15T20:34:53.405637" level="INFO">${chrome_options} = &lt;selenium.webdriver.chrome.options.Options object at 0x0000022406678E10&gt;</msg>
<var>${chrome_options}</var>
<arg>sys.modules['selenium.webdriver'].ChromeOptions()</arg>
<arg>sys</arg>
<doc>Evaluates the given expression in Python and returns the result.</doc>
<status status="PASS" start="2025-09-15T20:34:53.405386" elapsed="0.000285"/>
</kw>
<kw name="Set Variable" owner="BuiltIn">
<msg time="2025-09-15T20:34:53.406080" level="INFO">${chrome_options.binary_location} = D:\HomeWork\CP353201\AllLab\Lab10\ChromeForTesting\chrome-win64\chrome.exe</msg>
<var>${chrome_options.binary_location}</var>
<arg>${CHROME_BROWSER_PATH}</arg>
<doc>Returns the given values which can then be assigned to a variables.</doc>
<status status="PASS" start="2025-09-15T20:34:53.405905" elapsed="0.000204"/>
</kw>
<kw name="Evaluate" owner="BuiltIn">
<msg time="2025-09-15T20:34:53.406723" level="INFO">${service} = &lt;selenium.webdriver.chrome.service.Service object at 0x00000224066787D0&gt;</msg>
<var>${service}</var>
<arg>sys.modules["selenium.webdriver.chrome.service"].Service(executable_path=r"${CHROME_DRIVER_PATH}")</arg>
<doc>Evaluates the given expression in Python and returns the result.</doc>
<status status="PASS" start="2025-09-15T20:34:53.406334" elapsed="0.000419"/>
</kw>
<kw name="Set Selenium Speed" owner="SeleniumLibrary">
<arg>0.2s</arg>
<doc>Sets the delay that is waited after each Selenium command.</doc>
<status status="PASS" start="2025-09-15T20:34:53.406958" elapsed="0.000159"/>
</kw>
<kw name="Create Webdriver" owner="SeleniumLibrary">
<msg time="2025-09-15T20:34:53.407524" level="INFO">Creating an instance of the Chrome WebDriver.</msg>
<arg>Chrome</arg>
<arg>options=${chrome_options}</arg>
<arg>service=${service}</arg>
<doc>Creates an instance of Selenium WebDriver.</doc>
<status status="PASS" start="2025-09-15T20:34:53.407338" elapsed="1.124914"/>
</kw>
<kw name="Go To" owner="SeleniumLibrary">
<msg time="2025-09-15T20:34:54.533034" level="INFO">Opening url 'http://localhost:7272/Lab10/Registration.html'</msg>
<arg>${URL}</arg>
<doc>Navigates the current browser window to the provided ``url``.</doc>
<status status="PASS" start="2025-09-15T20:34:54.532779" elapsed="0.363787"/>
</kw>
<kw name="Input Text" owner="SeleniumLibrary">
<msg time="2025-09-15T20:34:54.897354" level="INFO">Typing text 'Sodsai' into text field 'name=lastname'.</msg>
<arg>name=lastname</arg>
<arg>Sodsai</arg>
<doc>Types the given ``text`` into the text field identified by ``locator``.</doc>
<status status="PASS" start="2025-09-15T20:34:54.897028" elapsed="0.091145"/>
</kw>
<kw name="Input Text" owner="SeleniumLibrary">
<msg time="2025-09-15T20:34:54.988654" level="INFO">Typing text 'CS KKU' into text field 'name=organization'.</msg>
<arg>name=organization</arg>
<arg>CS KKU</arg>
<doc>Types the given ``text`` into the text field identified by ``locator``.</doc>
<status status="PASS" start="2025-09-15T20:34:54.988464" elapsed="0.064473"/>
</kw>
<kw name="Input Text" owner="SeleniumLibrary">
<msg time="2025-09-15T20:34:55.053899" level="INFO">Typing text 'somsri@kkumail.com' into text field 'name=email'.</msg>
<arg>name=email</arg>
<arg>somsri@kkumail.com</arg>
<doc>Types the given ``text`` into the text field identified by ``locator``.</doc>
<status status="PASS" start="2025-09-15T20:34:55.053548" elapsed="0.103016"/>
</kw>
<kw name="Input Text" owner="SeleniumLibrary">
<msg time="2025-09-15T20:34:55.157331" level="INFO">Typing text '081-001-1234' into text field 'name=phone'.</msg>
<arg>name=phone</arg>
<arg>081-001-1234</arg>
<doc>Types the given ``text`` into the text field identified by ``locator``.</doc>
<status status="PASS" start="2025-09-15T20:34:55.157143" elapsed="0.057790"/>
</kw>
<kw name="Set Selenium Speed" owner="SeleniumLibrary">
<arg>0.2s</arg>
<doc>Sets the delay that is waited after each Selenium command.</doc>
<status status="PASS" start="2025-09-15T20:34:55.215215" elapsed="0.000189"/>
</kw>
<kw name="Click Button" owner="SeleniumLibrary">
<msg time="2025-09-15T20:34:55.215713" level="INFO">Clicking button 'Register'.</msg>
<arg>Register</arg>
<doc>Clicks the button identified by ``locator``.</doc>
<status status="PASS" start="2025-09-15T20:34:55.215580" elapsed="0.681885"/>
</kw>
<kw name="Title Should Be" owner="SeleniumLibrary">
<msg time="2025-09-15T20:34:56.102533" level="INFO">Page title is 'Event Registration'.</msg>
<arg>Event Registration</arg>
<doc>Verifies that the current page title equals ``title``.</doc>
<status status="PASS" start="2025-09-15T20:34:55.897957" elapsed="0.204684"/>
</kw>
<kw name="Page Should Contain" owner="SeleniumLibrary">
<msg time="2025-09-15T20:34:56.516910" level="INFO">Current page contains text 'Please enter your first name!!'.</msg>
<arg>Please enter your first name!!</arg>
<doc>Verifies that current page contains ``text``.</doc>
<status status="PASS" start="2025-09-15T20:34:56.103106" elapsed="0.413906"/>
</kw>
<kw name="Close Browser" owner="SeleniumLibrary">
<doc>Closes the current browser.</doc>
<status status="PASS" start="2025-09-15T20:34:56.517366" elapsed="2.428292"/>
</kw>
<status status="PASS" start="2025-09-15T20:34:53.404926" elapsed="5.541062"/>
</test>
<test id="s1-t4" name="Empty Last Name:" line="99">
<kw name="Evaluate" owner="BuiltIn">
<msg time="2025-09-15T20:34:58.947658" level="INFO">${chrome_options} = &lt;selenium.webdriver.chrome.options.Options object at 0x000002240659BA80&gt;</msg>
<var>${chrome_options}</var>
<arg>sys.modules['selenium.webdriver'].ChromeOptions()</arg>
<arg>sys</arg>
<doc>Evaluates the given expression in Python and returns the result.</doc>
<status status="PASS" start="2025-09-15T20:34:58.947408" elapsed="0.000281"/>
</kw>
<kw name="Set Variable" owner="BuiltIn">
<msg time="2025-09-15T20:34:58.948100" level="INFO">${chrome_options.binary_location} = D:\HomeWork\CP353201\AllLab\Lab10\ChromeForTesting\chrome-win64\chrome.exe</msg>
<var>${chrome_options.binary_location}</var>
<arg>${CHROME_BROWSER_PATH}</arg>
<doc>Returns the given values which can then be assigned to a variables.</doc>
<status status="PASS" start="2025-09-15T20:34:58.947925" elapsed="0.000204"/>
</kw>
<kw name="Evaluate" owner="BuiltIn">
<msg time="2025-09-15T20:34:58.948708" level="INFO">${service} = &lt;selenium.webdriver.chrome.service.Service object at 0x000002240659BBB0&gt;</msg>
<var>${service}</var>
<arg>sys.modules["selenium.webdriver.chrome.service"].Service(executable_path=r"${CHROME_DRIVER_PATH}")</arg>
<doc>Evaluates the given expression in Python and returns the result.</doc>
<status status="PASS" start="2025-09-15T20:34:58.948359" elapsed="0.000381"/>
</kw>
<kw name="Set Selenium Speed" owner="SeleniumLibrary">
<arg>0.2s</arg>
<doc>Sets the delay that is waited after each Selenium command.</doc>
<status status="PASS" start="2025-09-15T20:34:58.948991" elapsed="0.000160"/>
</kw>
<kw name="Create Webdriver" owner="SeleniumLibrary">
<msg time="2025-09-15T20:34:58.949581" level="INFO">Creating an instance of the Chrome WebDriver.</msg>
<arg>Chrome</arg>
<arg>options=${chrome_options}</arg>
<arg>service=${service}</arg>
<doc>Creates an instance of Selenium WebDriver.</doc>
<status status="PASS" start="2025-09-15T20:34:58.949395" elapsed="1.108317"/>
</kw>
<kw name="Go To" owner="SeleniumLibrary">
<msg time="2025-09-15T20:35:00.058186" level="INFO">Opening url 'http://localhost:7272/Lab10/Registration.html'</msg>
<arg>${URL}</arg>
<doc>Navigates the current browser window to the provided ``url``.</doc>
<status status="PASS" start="2025-09-15T20:35:00.058015" elapsed="0.426885"/>
</kw>
<kw name="Input Text" owner="SeleniumLibrary">
<msg time="2025-09-15T20:35:00.485460" level="INFO">Typing text 'Somsri' into text field 'name=firstname'.</msg>
<arg>name=firstname</arg>
<arg>Somsri</arg>
<doc>Types the given ``text`` into the text field identified by ``locator``.</doc>
<status status="PASS" start="2025-09-15T20:35:00.485270" elapsed="0.116079"/>
</kw>
<kw name="Input Text" owner="SeleniumLibrary">
<msg time="2025-09-15T20:35:00.601830" level="INFO">Typing text 'CS KKU' into text field 'name=organization'.</msg>
<arg>name=organization</arg>
<arg>CS KKU</arg>
<doc>Types the given ``text`` into the text field identified by ``locator``.</doc>
<status status="PASS" start="2025-09-15T20:35:00.601648" elapsed="0.055873"/>
</kw>
<kw name="Input Text" owner="SeleniumLibrary">
<msg time="2025-09-15T20:35:00.657977" level="INFO">Typing text 'somsri@kkumail.com' into text field 'name=email'.</msg>
<arg>name=email</arg>
<arg>somsri@kkumail.com</arg>
<doc>Types the given ``text`` into the text field identified by ``locator``.</doc>
<status status="PASS" start="2025-09-15T20:35:00.657796" elapsed="0.059864"/>
</kw>
<kw name="Input Text" owner="SeleniumLibrary">
<msg time="2025-09-15T20:35:00.718388" level="INFO">Typing text '081-001-1234' into text field 'name=phone'.</msg>
<arg>name=phone</arg>
<arg>081-001-1234</arg>
<doc>Types the given ``text`` into the text field identified by ``locator``.</doc>
<status status="PASS" start="2025-09-15T20:35:00.718199" elapsed="0.056230"/>
</kw>
<kw name="Click Button" owner="SeleniumLibrary">
<msg time="2025-09-15T20:35:00.774864" level="INFO">Clicking button 'Register'.</msg>
<arg>Register</arg>
<doc>Clicks the button identified by ``locator``.</doc>
<status status="PASS" start="2025-09-15T20:35:00.774703" elapsed="0.064169"/>
</kw>
<kw name="Title Should Be" owner="SeleniumLibrary">
<msg time="2025-09-15T20:35:00.842534" level="INFO">Page title is 'Event Registration'.</msg>
<arg>Event Registration</arg>
<doc>Verifies that the current page title equals ``title``.</doc>
<status status="PASS" start="2025-09-15T20:35:00.839130" elapsed="0.003478"/>
</kw>
<kw name="Page Should Contain" owner="SeleniumLibrary">
<msg time="2025-09-15T20:35:00.854423" level="INFO">Current page contains text 'Please enter your last name!!'.</msg>
<arg>Please enter your last name!!</arg>
<doc>Verifies that current page contains ``text``.</doc>
<status status="PASS" start="2025-09-15T20:35:00.842864" elapsed="0.011671"/>
</kw>
<kw name="Close Browser" owner="SeleniumLibrary">
<doc>Closes the current browser.</doc>
<status status="PASS" start="2025-09-15T20:35:00.854844" elapsed="2.202528"/>
</kw>
<status status="PASS" start="2025-09-15T20:34:58.947024" elapsed="4.110752"/>
</test>
<test id="s1-t5" name="Empty First Name and Last Name" line="128">
<kw name="Evaluate" owner="BuiltIn">
<msg time="2025-09-15T20:35:03.059843" level="INFO">${chrome_options} = &lt;selenium.webdriver.chrome.options.Options object at 0x000002240659B820&gt;</msg>
<var>${chrome_options}</var>
<arg>sys.modules['selenium.webdriver'].ChromeOptions()</arg>
<arg>sys</arg>
<doc>Evaluates the given expression in Python and returns the result.</doc>
<status status="PASS" start="2025-09-15T20:35:03.059555" elapsed="0.000321"/>
</kw>
<kw name="Set Variable" owner="BuiltIn">
<msg time="2025-09-15T20:35:03.060281" level="INFO">${chrome_options.binary_location} = D:\HomeWork\CP353201\AllLab\Lab10\ChromeForTesting\chrome-win64\chrome.exe</msg>
<var>${chrome_options.binary_location}</var>
<arg>${CHROME_BROWSER_PATH}</arg>
<doc>Returns the given values which can then be assigned to a variables.</doc>
<status status="PASS" start="2025-09-15T20:35:03.060101" elapsed="0.000211"/>
</kw>
<kw name="Evaluate" owner="BuiltIn">
<msg time="2025-09-15T20:35:03.061108" level="INFO">${service} = &lt;selenium.webdriver.chrome.service.Service object at 0x000002240659B6F0&gt;</msg>
<var>${service}</var>
<arg>sys.modules["selenium.webdriver.chrome.service"].Service(executable_path=r"${CHROME_DRIVER_PATH}")</arg>
<doc>Evaluates the given expression in Python and returns the result.</doc>
<status status="PASS" start="2025-09-15T20:35:03.060540" elapsed="0.000617"/>
</kw>
<kw name="Set Selenium Speed" owner="SeleniumLibrary">
<arg>0.2s</arg>
<doc>Sets the delay that is waited after each Selenium command.</doc>
<status status="PASS" start="2025-09-15T20:35:03.061421" elapsed="0.000373"/>
</kw>
<kw name="Create Webdriver" owner="SeleniumLibrary">
<msg time="2025-09-15T20:35:03.062455" level="INFO">Creating an instance of the Chrome WebDriver.</msg>
<arg>Chrome</arg>
<arg>options=${chrome_options}</arg>
<arg>service=${service}</arg>
<doc>Creates an instance of Selenium WebDriver.</doc>
<status status="PASS" start="2025-09-15T20:35:03.062213" elapsed="1.124567"/>
</kw>
<kw name="Go To" owner="SeleniumLibrary">
<msg time="2025-09-15T20:35:04.187500" level="INFO">Opening url 'http://localhost:7272/Lab10/Registration.html'</msg>
<arg>${URL}</arg>
<doc>Navigates the current browser window to the provided ``url``.</doc>
<status status="PASS" start="2025-09-15T20:35:04.187251" elapsed="0.385418"/>
</kw>
<kw name="Input Text" owner="SeleniumLibrary">
<msg time="2025-09-15T20:35:04.573253" level="INFO">Typing text 'CS KKU' into text field 'name=organization'.</msg>
<arg>name=organization</arg>
<arg>CS KKU</arg>
<doc>Types the given ``text`` into the text field identified by ``locator``.</doc>
<status status="PASS" start="2025-09-15T20:35:04.573057" elapsed="0.104277"/>
</kw>
<kw name="Input Text" owner="SeleniumLibrary">
<msg time="2025-09-15T20:35:04.677865" level="INFO">Typing text 'somsri@kkumail.com' into text field 'name=email'.</msg>
<arg>name=email</arg>
<arg>somsri@kkumail.com</arg>
<doc>Types the given ``text`` into the text field identified by ``locator``.</doc>
<status status="PASS" start="2025-09-15T20:35:04.677649" elapsed="0.059398"/>
</kw>
<kw name="Input Text" owner="SeleniumLibrary">
<msg time="2025-09-15T20:35:04.737490" level="INFO">Typing text '081-001-1234' into text field 'name=phone'.</msg>
<arg>name=phone</arg>
<arg>081-001-1234</arg>
<doc>Types the given ``text`` into the text field identified by ``locator``.</doc>
<status status="PASS" start="2025-09-15T20:35:04.737313" elapsed="0.052381"/>
</kw>
<kw name="Click Button" owner="SeleniumLibrary">
<msg time="2025-09-15T20:35:04.790738" level="INFO">Clicking button 'Register'.</msg>
<arg>Register</arg>
<doc>Clicks the button identified by ``locator``.</doc>
<status status="PASS" start="2025-09-15T20:35:04.790466" elapsed="0.063664"/>
</kw>
<kw name="Title Should Be" owner="SeleniumLibrary">
<msg time="2025-09-15T20:35:04.858609" level="INFO">Page title is 'Event Registration'.</msg>
<arg>Event Registration</arg>
<doc>Verifies that the current page title equals ``title``.</doc>
<status status="PASS" start="2025-09-15T20:35:04.854502" elapsed="0.004192"/>
</kw>
<kw name="Page Should Contain" owner="SeleniumLibrary">
<msg time="2025-09-15T20:35:04.870061" level="INFO">Current page contains text 'Please enter your name!!'.</msg>
<arg>Please enter your name!!</arg>
<doc>Verifies that current page contains ``text``.</doc>
<status status="PASS" start="2025-09-15T20:35:04.858951" elapsed="0.011306"/>
</kw>
<kw name="Close Browser" owner="SeleniumLibrary">
<doc>Closes the current browser.</doc>
<status status="PASS" start="2025-09-15T20:35:04.870710" elapsed="2.200033"/>
</kw>
<status status="PASS" start="2025-09-15T20:35:03.059140" elapsed="4.011986"/>
</test>
<test id="s1-t6" name="Empty Email:" line="156">
<kw name="Evaluate" owner="BuiltIn">
<msg time="2025-09-15T20:35:07.073104" level="INFO">${chrome_options} = &lt;selenium.webdriver.chrome.options.Options object at 0x00000224066C0EF0&gt;</msg>
<var>${chrome_options}</var>
<arg>sys.modules['selenium.webdriver'].ChromeOptions()</arg>
<arg>sys</arg>
<doc>Evaluates the given expression in Python and returns the result.</doc>
<status status="PASS" start="2025-09-15T20:35:07.072818" elapsed="0.000336"/>
</kw>
<kw name="Set Variable" owner="BuiltIn">
<msg time="2025-09-15T20:35:07.073648" level="INFO">${chrome_options.binary_location} = D:\HomeWork\CP353201\AllLab\Lab10\ChromeForTesting\chrome-win64\chrome.exe</msg>
<var>${chrome_options.binary_location}</var>
<arg>${CHROME_BROWSER_PATH}</arg>
<doc>Returns the given values which can then be assigned to a variables.</doc>
<status status="PASS" start="2025-09-15T20:35:07.073419" elapsed="0.000258"/>
</kw>
<kw name="Evaluate" owner="BuiltIn">
<msg time="2025-09-15T20:35:07.074367" level="INFO">${service} = &lt;selenium.webdriver.chrome.service.Service object at 0x00000224066C0DD0&gt;</msg>
<var>${service}</var>
<arg>sys.modules["selenium.webdriver.chrome.service"].Service(executable_path=r"${CHROME_DRIVER_PATH}")</arg>
<doc>Evaluates the given expression in Python and returns the result.</doc>
<status status="PASS" start="2025-09-15T20:35:07.073928" elapsed="0.000471"/>
</kw>
<kw name="Set Selenium Speed" owner="SeleniumLibrary">
<arg>0.2s</arg>
<doc>Sets the delay that is waited after each Selenium command.</doc>
<status status="PASS" start="2025-09-15T20:35:07.074698" elapsed="0.000175"/>
</kw>
<kw name="Create Webdriver" owner="SeleniumLibrary">
<msg time="2025-09-15T20:35:07.075350" level="INFO">Creating an instance of the Chrome WebDriver.</msg>
<arg>Chrome</arg>
<arg>options=${chrome_options}</arg>
<arg>service=${service}</arg>
<doc>Creates an instance of Selenium WebDriver.</doc>
<status status="PASS" start="2025-09-15T20:35:07.075152" elapsed="1.219145"/>
</kw>
<kw name="Go To" owner="SeleniumLibrary">
<msg time="2025-09-15T20:35:08.295619" level="INFO">Opening url 'http://localhost:7272/Lab10/Registration.html'</msg>
<arg>${URL}</arg>
<doc>Navigates the current browser window to the provided ``url``.</doc>
<status status="PASS" start="2025-09-15T20:35:08.295304" elapsed="0.353799"/>
</kw>
<kw name="Input Text" owner="SeleniumLibrary">
<msg time="2025-09-15T20:35:08.649811" level="INFO">Typing text 'Somsri' into text field 'name=firstname'.</msg>
<arg>name=firstname</arg>
<arg>Somsri</arg>
<doc>Types the given ``text`` into the text field identified by ``locator``.</doc>
<status status="PASS" start="2025-09-15T20:35:08.649529" elapsed="0.113273"/>
</kw>
<kw name="Input Text" owner="SeleniumLibrary">
<msg time="2025-09-15T20:35:08.763430" level="INFO">Typing text 'Sodsai' into text field 'name=lastname'.</msg>
<arg>name=lastname</arg>
<arg>Sodsai</arg>
<doc>Types the given ``text`` into the text field identified by ``locator``.</doc>
<status status="PASS" start="2025-09-15T20:35:08.763150" elapsed="0.054348"/>
</kw>
<kw name="Input Text" owner="SeleniumLibrary">
<msg time="2025-09-15T20:35:08.818005" level="INFO">Typing text 'CS KKU' into text field 'name=organization'.</msg>
<arg>name=organization</arg>
<arg>CS KKU</arg>
<doc>Types the given ``text`` into the text field identified by ``locator``.</doc>
<status status="PASS" start="2025-09-15T20:35:08.817818" elapsed="0.054038"/>
</kw>
<kw name="Input Text" owner="SeleniumLibrary">
<msg time="2025-09-15T20:35:08.872588" level="INFO">Typing text '081-001-1234' into text field 'name=phone'.</msg>
<arg>name=phone</arg>
<arg>081-001-1234</arg>
<doc>Types the given ``text`` into the text field identified by ``locator``.</doc>
<status status="PASS" start="2025-09-15T20:35:08.872403" elapsed="0.057085"/>
</kw>
<kw name="Click Button" owner="SeleniumLibrary">
<msg time="2025-09-15T20:35:08.929916" level="INFO">Clicking button 'Register'.</msg>
<arg>Register</arg>
<doc>Clicks the button identified by ``locator``.</doc>
<status status="PASS" start="2025-09-15T20:35:08.929758" elapsed="0.068282"/>
</kw>
<kw name="Title Should Be" owner="SeleniumLibrary">
<msg time="2025-09-15T20:35:09.001765" level="INFO">Page title is 'Event Registration'.</msg>
<arg>Event Registration</arg>
<doc>Verifies that the current page title equals ``title``.</doc>
<status status="PASS" start="2025-09-15T20:35:08.998330" elapsed="0.003510"/>
</kw>
<kw name="Page Should Contain" owner="SeleniumLibrary">
<msg time="2025-09-15T20:35:09.014161" level="INFO">Current page contains text 'Please enter your email!!'.</msg>
<arg>Please enter your email!!</arg>
<doc>Verifies that current page contains ``text``.</doc>
<status status="PASS" start="2025-09-15T20:35:09.002067" elapsed="0.012177"/>
</kw>
<kw name="Close Browser" owner="SeleniumLibrary">
<doc>Closes the current browser.</doc>
<status status="PASS" start="2025-09-15T20:35:09.014498" elapsed="2.275108"/>
</kw>
<status status="PASS" start="2025-09-15T20:35:07.072323" elapsed="4.217796"/>
</test>
<test id="s1-t7" name="Empty Phone Number:" line="185">
<kw name="Evaluate" owner="BuiltIn">
<msg time="2025-09-15T20:35:11.292649" level="INFO">${chrome_options} = &lt;selenium.webdriver.chrome.options.Options object at 0x0000022406619D00&gt;</msg>
<var>${chrome_options}</var>
<arg>sys.modules['selenium.webdriver'].ChromeOptions()</arg>
<arg>sys</arg>
<doc>Evaluates the given expression in Python and returns the result.</doc>
<status status="PASS" start="2025-09-15T20:35:11.292394" elapsed="0.000287"/>
</kw>
<kw name="Set Variable" owner="BuiltIn">
<msg time="2025-09-15T20:35:11.293384" level="INFO">${chrome_options.binary_location} = D:\HomeWork\CP353201\AllLab\Lab10\ChromeForTesting\chrome-win64\chrome.exe</msg>
<var>${chrome_options.binary_location}</var>
<arg>${CHROME_BROWSER_PATH}</arg>
<doc>Returns the given values which can then be assigned to a variables.</doc>
<status status="PASS" start="2025-09-15T20:35:11.293123" elapsed="0.000308"/>
</kw>
<kw name="Evaluate" owner="BuiltIn">
<msg time="2025-09-15T20:35:11.294233" level="INFO">${service} = &lt;selenium.webdriver.chrome.service.Service object at 0x0000022406619F20&gt;</msg>
<var>${service}</var>
<arg>sys.modules["selenium.webdriver.chrome.service"].Service(executable_path=r"${CHROME_DRIVER_PATH}")</arg>
<doc>Evaluates the given expression in Python and returns the result.</doc>
<status status="PASS" start="2025-09-15T20:35:11.293782" elapsed="0.000483"/>
</kw>
<kw name="Set Selenium Speed" owner="SeleniumLibrary">
<arg>0.2s</arg>
<doc>Sets the delay that is waited after each Selenium command.</doc>
<status status="PASS" start="2025-09-15T20:35:11.294557" elapsed="0.000243"/>
</kw>
<kw name="Create Webdriver" owner="SeleniumLibrary">
<msg time="2025-09-15T20:35:11.295362" level="INFO">Creating an instance of the Chrome WebDriver.</msg>
<arg>Chrome</arg>
<arg>options=${chrome_options}</arg>
<arg>service=${service}</arg>
<doc>Creates an instance of Selenium WebDriver.</doc>
<status status="PASS" start="2025-09-15T20:35:11.295123" elapsed="1.130604"/>
</kw>
<kw name="Go To" owner="SeleniumLibrary">
<msg time="2025-09-15T20:35:12.427988" level="INFO">Opening url 'http://localhost:7272/Lab10/Registration.html'</msg>
<arg>${URL}</arg>
<doc>Navigates the current browser window to the provided ``url``.</doc>
<status status="PASS" start="2025-09-15T20:35:12.427651" elapsed="0.421958"/>
</kw>
<kw name="Input Text" owner="SeleniumLibrary">
<msg time="2025-09-15T20:35:12.850307" level="INFO">Typing text 'Somsri' into text field 'name=firstname'.</msg>
<arg>name=firstname</arg>
<arg>Somsri</arg>
<doc>Types the given ``text`` into the text field identified by ``locator``.</doc>
<status status="PASS" start="2025-09-15T20:35:12.849926" elapsed="0.107881"/>
</kw>
<kw name="Input Text" owner="SeleniumLibrary">
<msg time="2025-09-15T20:35:12.958307" level="INFO">Typing text 'Sodsai' into text field 'name=lastname'.</msg>
<arg>name=lastname</arg>
<arg>Sodsai</arg>
<doc>Types the given ``text`` into the text field identified by ``locator``.</doc>
<status status="PASS" start="2025-09-15T20:35:12.958111" elapsed="0.057268"/>
</kw>
<kw name="Input Text" owner="SeleniumLibrary">
<msg time="2025-09-15T20:35:13.015893" level="INFO">Typing text 'CS KKU' into text field 'name=organization'.</msg>
<arg>name=organization</arg>
<arg>CS KKU</arg>
<doc>Types the given ``text`` into the text field identified by ``locator``.</doc>
<status status="PASS" start="2025-09-15T20:35:13.015691" elapsed="0.060571"/>
</kw>
<kw name="Input Text" owner="SeleniumLibrary">
<msg time="2025-09-15T20:35:13.076982" level="INFO">Typing text 'somsri@kkumail.com' into text field 'name=email'.</msg>
<arg>name=email</arg>
<arg>somsri@kkumail.com</arg>
<doc>Types the given ``text`` into the text field identified by ``locator``.</doc>
<status status="PASS" start="2025-09-15T20:35:13.076797" elapsed="0.065179"/>
</kw>
<kw name="Click Button" owner="SeleniumLibrary">
<msg time="2025-09-15T20:35:13.142444" level="INFO">Clicking button 'Register'.</msg>
<arg>Register</arg>
<doc>Clicks the button identified by ``locator``.</doc>
<status status="PASS" start="2025-09-15T20:35:13.142268" elapsed="0.060370"/>
</kw>
<kw name="Title Should Be" owner="SeleniumLibrary">
<msg time="2025-09-15T20:35:13.206032" level="INFO">Page title is 'Event Registration'.</msg>
<arg>Event Registration</arg>
<doc>Verifies that the current page title equals ``title``.</doc>
<status status="PASS" start="2025-09-15T20:35:13.202914" elapsed="0.003195"/>
</kw>
<kw name="Page Should Contain" owner="SeleniumLibrary">
<msg time="2025-09-15T20:35:13.216373" level="INFO">Current page contains text 'Please enter your phone number!!'.</msg>
<arg>Please enter your phone number!!</arg>
<doc>Verifies that current page contains ``text``.</doc>
<status status="PASS" start="2025-09-15T20:35:13.206370" elapsed="0.010086"/>
</kw>
<kw name="Close Browser" owner="SeleniumLibrary">
<doc>Closes the current browser.</doc>
<status status="PASS" start="2025-09-15T20:35:13.216696" elapsed="2.195536"/>
</kw>
<status status="PASS" start="2025-09-15T20:35:11.291968" elapsed="4.120978"/>
</test>
<test id="s1-t8" name="Invalid Phone Number:" line="214">
<kw name="Evaluate" owner="BuiltIn">
<msg time="2025-09-15T20:35:15.415257" level="INFO">${chrome_options} = &lt;selenium.webdriver.chrome.options.Options object at 0x0000022406619AE0&gt;</msg>
<var>${chrome_options}</var>
<arg>sys.modules['selenium.webdriver'].ChromeOptions()</arg>
<arg>sys</arg>
<doc>Evaluates the given expression in Python and returns the result.</doc>
<status status="PASS" start="2025-09-15T20:35:15.414893" elapsed="0.000399"/>
</kw>
<kw name="Set Variable" owner="BuiltIn">
<msg time="2025-09-15T20:35:15.415764" level="INFO">${chrome_options.binary_location} = D:\HomeWork\CP353201\AllLab\Lab10\ChromeForTesting\chrome-win64\chrome.exe</msg>
<var>${chrome_options.binary_location}</var>
<arg>${CHROME_BROWSER_PATH}</arg>
<doc>Returns the given values which can then be assigned to a variables.</doc>
<status status="PASS" start="2025-09-15T20:35:15.415570" elapsed="0.000225"/>
</kw>
<kw name="Evaluate" owner="BuiltIn">
<msg time="2025-09-15T20:35:15.416366" level="INFO">${service} = &lt;selenium.webdriver.chrome.service.Service object at 0x000002240661AAD0&gt;</msg>
<var>${service}</var>
<arg>sys.modules["selenium.webdriver.chrome.service"].Service(executable_path=r"${CHROME_DRIVER_PATH}")</arg>
<doc>Evaluates the given expression in Python and returns the result.</doc>
<status status="PASS" start="2025-09-15T20:35:15.416001" elapsed="0.000395"/>
</kw>
<kw name="Set Selenium Speed" owner="SeleniumLibrary">
<arg>0.2s</arg>
<doc>Sets the delay that is waited after each Selenium command.</doc>
<status status="PASS" start="2025-09-15T20:35:15.416627" elapsed="0.000152"/>
</kw>
<kw name="Create Webdriver" owner="SeleniumLibrary">
<msg time="2025-09-15T20:35:15.417187" level="INFO">Creating an instance of the Chrome WebDriver.</msg>
<arg>Chrome</arg>
<arg>options=${chrome_options}</arg>
<arg>service=${service}</arg>
<doc>Creates an instance of Selenium WebDriver.</doc>
<status status="PASS" start="2025-09-15T20:35:15.416978" elapsed="1.131655"/>
</kw>
<kw name="Go To" owner="SeleniumLibrary">
<msg time="2025-09-15T20:35:16.549247" level="INFO">Opening url 'http://localhost:7272/Lab10/Registration.html'</msg>
<arg>${URL}</arg>
<doc>Navigates the current browser window to the provided ``url``.</doc>
<status status="PASS" start="2025-09-15T20:35:16.549028" elapsed="0.389881"/>
</kw>
<kw name="Input Text" owner="SeleniumLibrary">
<msg time="2025-09-15T20:35:16.939740" level="INFO">Typing text 'Somsri' into text field 'name=firstname'.</msg>
<arg>name=firstname</arg>
<arg>Somsri</arg>
<doc>Types the given ``text`` into the text field identified by ``locator``.</doc>
<status status="PASS" start="2025-09-15T20:35:16.939372" elapsed="0.097820"/>
</kw>
<kw name="Input Text" owner="SeleniumLibrary">
<msg time="2025-09-15T20:35:17.037975" level="INFO">Typing text 'Sodsai' into text field 'name=lastname'.</msg>
<arg>name=lastname</arg>
<arg>Sodsai</arg>
<doc>Types the given ``text`` into the text field identified by ``locator``.</doc>
<status status="PASS" start="2025-09-15T20:35:17.037662" elapsed="0.069334"/>
</kw>
<kw name="Input Text" owner="SeleniumLibrary">
<msg time="2025-09-15T20:35:17.107791" level="INFO">Typing text 'CS KKU' into text field 'name=organization'.</msg>
<arg>name=organization</arg>
<arg>CS KKU</arg>
<doc>Types the given ``text`` into the text field identified by ``locator``.</doc>
<status status="PASS" start="2025-09-15T20:35:17.107461" elapsed="0.182162"/>
</kw>
<kw name="Input Text" owner="SeleniumLibrary">
<msg time="2025-09-15T20:35:17.290711" level="INFO">Typing text 'somsri@kkumail.com' into text field 'name=email'.</msg>
<arg>name=email</arg>
<arg>somsri@kkumail.com</arg>
<doc>Types the given ``text`` into the text field identified by ``locator``.</doc>
<status status="PASS" start="2025-09-15T20:35:17.290375" elapsed="0.064678"/>
</kw>
<kw name="Input Text" owner="SeleniumLibrary">
<msg time="2025-09-15T20:35:17.355527" level="INFO">Typing text '1234' into text field 'name=phone'.</msg>
<arg>name=phone</arg>
<arg>1234</arg>
<doc>Types the given ``text`` into the text field identified by ``locator``.</doc>
<status status="PASS" start="2025-09-15T20:35:17.355341" elapsed="0.052205"/>
</kw>
<kw name="Click Button" owner="SeleniumLibrary">
<msg time="2025-09-15T20:35:17.407981" level="INFO">Clicking button 'Register'.</msg>
<arg>Register</arg>
<doc>Clicks the button identified by ``locator``.</doc>
<status status="PASS" start="2025-09-15T20:35:17.407818" elapsed="0.063932"/>
</kw>
<kw name="Title Should Be" owner="SeleniumLibrary">
<msg time="2025-09-15T20:35:17.476694" level="INFO">Page title is 'Event Registration'.</msg>
<arg>Event Registration</arg>
<doc>Verifies that the current page title equals ``title``.</doc>
<status status="PASS" start="2025-09-15T20:35:17.472078" elapsed="0.004700"/>
</kw>
<kw name="Page Should Contain" owner="SeleniumLibrary">
<msg time="2025-09-15T20:35:17.625043" level="INFO" html="true">&lt;/td&gt;&lt;/tr&gt;&lt;tr&gt;&lt;td colspan="3"&gt;&lt;a href="selenium-screenshot-1.png"&gt;&lt;img src="selenium-screenshot-1.png" width="800px"&gt;&lt;/a&gt;</msg>
<msg time="2025-09-15T20:35:17.625187" level="FAIL">Page should have contained text 'Please enter a valid phone number, e.g., 081-234-5678, 081 234 5678, or 081.234.5678)' but did not.</msg>
<arg>Please enter a valid phone number, e.g., 081-234-5678, 081 234 5678, or 081.234.5678)</arg>
<doc>Verifies that current page contains ``text``.</doc>
<status status="FAIL" start="2025-09-15T20:35:17.477027" elapsed="0.150101">Page should have contained text 'Please enter a valid phone number, e.g., 081-234-5678, 081 234 5678, or 081.234.5678)' but did not.</status>
</kw>
<kw name="Close Browser" owner="SeleniumLibrary">
<doc>Closes the current browser.</doc>
<status status="NOT RUN" start="2025-09-15T20:35:17.627593" elapsed="0.000080"/>
</kw>
<status status="FAIL" start="2025-09-15T20:35:15.414422" elapsed="2.213723">Page should have contained text 'Please enter a valid phone number, e.g., 081-234-5678, 081 234 5678, or 081.234.5678)' but did not.</status>
</test>
<status status="FAIL" start="2025-09-15T20:34:43.920102" elapsed="33.709780"/>
</suite>
<statistics>
<total>
<stat pass="7" fail="1" skip="0">All Tests</stat>
</total>
<tag>
</tag>
<suite>
<stat name="Lab10" id="s1" pass="7" fail="1" skip="0">Lab10</stat>
</suite>
</statistics>
<errors>
</errors>
</robot>
